2023-01-30 11:09:54,605 - INFO - Calculating duplicates ids for Plan: 1.0.0
2023-01-30 11:09:54,605 - INFO - Corresponding to version id 31
2023-01-30 11:09:54,768 - INFO - Dropped table v1_duplicates_info
2023-01-30 11:09:54,788 - INFO - Creating table v1_duplicates_info
2023-01-30 11:09:54,789 - INFO - Processing table gaia_dr3_source
2023-01-30 11:09:54,843 - INFO - Dropped table v1_duplicates
2023-01-30 11:09:54,844 - INFO - Creating table v1_duplicates
2023-01-30 12:43:15,994 - INFO - The first query took 5601.21 seconds and selected 0 duplicates
2023-01-30 12:43:16,057 - INFO - Dropped table v1_duplicates2
2023-01-30 12:43:16,060 - INFO - Creating table v1_duplicates2
2023-01-30 12:43:16,063 - INFO - The second query took 0.07 seconds
2023-01-30 12:43:16,064 - INFO - Completely processed gaia_dr3_source in 5601.28 seconds ingesting 0 entries into v1_duplicates_info
2023-01-30 12:43:16,064 - INFO - Processing table gaia_dr2_source
2023-01-30 12:43:16,121 - INFO - Dropped table v1_duplicates
2023-01-30 12:43:16,123 - INFO - Creating table v1_duplicates
2023-01-30 15:48:26,154 - INFO - The first query took 11110.09 seconds and selected 295,634 duplicates
2023-01-30 15:48:26,219 - INFO - Dropped table v1_duplicates2
2023-01-30 15:48:26,226 - INFO - Creating table v1_duplicates2
2023-01-30 15:48:27,556 - INFO - The second query took 1.40 seconds
2023-01-30 15:48:28,129 - INFO - Completely processed gaia_dr2_source in 11112.07 seconds ingesting 295,634 entries into v1_duplicates_info
2023-01-30 15:48:28,130 - INFO - Processing table legacy_survey_dr10
2023-01-30 15:48:28,253 - INFO - Dropped table v1_duplicates
2023-01-30 15:48:28,257 - INFO - Creating table v1_duplicates
2023-01-30 19:02:20,053 - INFO - The first query took 11631.92 seconds and selected 42,312 duplicates
2023-01-30 19:02:20,219 - INFO - Dropped table v1_duplicates2
2023-01-30 19:02:20,359 - INFO - Creating table v1_duplicates2
2023-01-30 19:02:20,518 - INFO - The second query took 0.46 seconds
2023-01-30 19:02:20,566 - INFO - Completely processed legacy_survey_dr10 in 11632.44 seconds ingesting 42,312 entries into v1_duplicates_info
2023-01-30 19:02:20,566 - INFO - Processing table legacy_survey_dr8
2023-01-30 19:02:20,669 - INFO - Dropped table v1_duplicates
2023-01-30 19:02:20,671 - INFO - Creating table v1_duplicates
2023-01-30 20:23:05,184 - INFO - The first query took 4844.62 seconds and selected 8,512,412 duplicates
2023-01-30 20:23:05,248 - INFO - Dropped table v1_duplicates2
2023-01-30 20:23:05,254 - INFO - Creating table v1_duplicates2
2023-01-30 20:23:35,434 - INFO - The second query took 30.25 seconds
2023-01-30 20:23:46,098 - INFO - Completely processed legacy_survey_dr8 in 4885.53 seconds ingesting 8,512,412 entries into v1_duplicates_info
2023-01-30 20:23:46,099 - INFO - Processing table panstarrs1
2023-01-30 20:23:46,281 - INFO - Dropped table v1_duplicates
2023-01-30 20:23:46,283 - INFO - Creating table v1_duplicates
2023-01-31 02:34:58,178 - INFO - The first query took 22272.06 seconds and selected 25,287,062 duplicates
2023-01-31 02:34:58,464 - INFO - Dropped table v1_duplicates2
2023-01-31 02:34:58,505 - INFO - Creating table v1_duplicates2
2023-01-31 02:36:37,889 - INFO - The second query took 99.63 seconds
2023-01-31 02:37:12,768 - INFO - Completely processed panstarrs1 in 22406.67 seconds ingesting 25,287,062 entries into v1_duplicates_info
2023-01-31 02:37:12,768 - INFO - Processing table tic_v8
2023-01-31 02:37:13,113 - INFO - Dropped table v1_duplicates
2023-01-31 02:37:13,115 - INFO - Creating table v1_duplicates
2023-01-31 03:53:10,206 - INFO - The first query took 4557.44 seconds and selected 945,261 duplicates
2023-01-31 03:53:10,646 - INFO - Dropped table v1_duplicates2
2023-01-31 03:53:10,650 - INFO - Creating table v1_duplicates2
2023-01-31 03:53:14,035 - INFO - The second query took 3.83 seconds
2023-01-31 03:53:15,024 - INFO - Completely processed tic_v8 in 4562.26 seconds ingesting 945,261 entries into v1_duplicates_info
2023-01-31 03:53:15,024 - INFO - Processing table tic_v8_extended
2023-01-31 03:53:15,120 - INFO - Dropped table v1_duplicates
2023-01-31 03:53:15,122 - INFO - Creating table v1_duplicates
2023-01-31 03:53:19,366 - INFO - The first query took 4.34 seconds and selected 227,969 duplicates
2023-01-31 03:53:19,457 - INFO - Dropped table v1_duplicates2
2023-01-31 03:53:19,459 - INFO - Creating table v1_duplicates2
2023-01-31 03:53:20,301 - INFO - The second query took 0.93 seconds
2023-01-31 03:53:20,567 - INFO - Completely processed tic_v8_extended in 5.54 seconds ingesting 227,969 entries into v1_duplicates_info
2023-01-31 03:53:20,567 - INFO - Processing table sdss_dr13_photoobj_primary
2023-01-31 03:53:20,676 - INFO - Dropped table v1_duplicates
2023-01-31 03:53:20,678 - INFO - Creating table v1_duplicates
2023-01-31 04:12:54,933 - INFO - The first query took 1174.37 seconds and selected 4,147,185 duplicates
2023-01-31 04:12:55,003 - INFO - Dropped table v1_duplicates2
2023-01-31 04:12:55,005 - INFO - Creating table v1_duplicates2
2023-01-31 04:13:10,726 - INFO - The second query took 15.79 seconds
2023-01-31 04:13:16,206 - INFO - Completely processed sdss_dr13_photoobj_primary in 1195.64 seconds ingesting 4,147,185 entries into v1_duplicates_info
2023-01-31 04:13:16,206 - INFO - Processing table twomass_psc
2023-01-31 04:13:16,322 - INFO - Dropped table v1_duplicates
2023-01-31 04:13:16,324 - INFO - Creating table v1_duplicates
2023-01-31 04:37:11,010 - INFO - The first query took 1434.80 seconds and selected 45,209,996 duplicates
2023-01-31 04:37:11,165 - INFO - Dropped table v1_duplicates2
2023-01-31 04:37:11,168 - INFO - Creating table v1_duplicates2
2023-01-31 04:40:08,138 - INFO - The second query took 177.13 seconds
2023-01-31 04:41:31,990 - INFO - Completely processed twomass_psc in 1695.78 seconds ingesting 45,209,996 entries into v1_duplicates_info
2023-01-31 04:41:31,990 - INFO - Processing table kepler_input_10
2023-01-31 04:41:32,870 - INFO - Dropped table v1_duplicates
2023-01-31 04:41:33,845 - INFO - Creating table v1_duplicates
2023-01-31 04:42:03,815 - INFO - The first query took 31.83 seconds and selected 222,462 duplicates
2023-01-31 04:42:04,661 - INFO - Dropped table v1_duplicates2
2023-01-31 04:42:04,747 - INFO - Creating table v1_duplicates2
2023-01-31 04:42:05,777 - INFO - The second query took 1.96 seconds
2023-01-31 04:42:06,216 - INFO - Completely processed kepler_input_10 in 34.23 seconds ingesting 222,462 entries into v1_duplicates_info
2023-01-31 05:51:25,181 - INFO - Calculating duplicates ids for Plan: 1.0.0
2023-01-31 05:51:25,181 - INFO - Corresponding to version id 31
2023-01-31 05:51:25,181 - INFO - Processing table gaia_dr2_wd_sdss
2023-01-31 05:51:25,239 - INFO - Dropped table v1_duplicates
2023-01-31 05:51:25,240 - INFO - Creating table v1_duplicates
2023-01-31 05:51:25,883 - INFO - The first query took 0.70 seconds and selected 15,414 duplicates
2023-01-31 05:51:25,951 - INFO - Dropped table v1_duplicates2
2023-01-31 05:51:25,954 - INFO - Creating table v1_duplicates2
2023-01-31 05:51:26,364 - INFO - The second query took 0.48 seconds
2023-01-31 05:51:26,382 - INFO - Completely processed gaia_dr2_wd_sdss in 1.20 seconds ingesting 15,414 entries into v1_duplicates_info
2023-01-31 05:51:26,382 - INFO - Processing table guvcat
2023-01-31 05:51:26,440 - INFO - Dropped table v1_duplicates
2023-01-31 05:51:26,513 - INFO - Creating table v1_duplicates
2023-01-31 05:59:03,870 - INFO - The first query took 457.49 seconds and selected 23,374,005 duplicates
2023-01-31 05:59:03,934 - INFO - Dropped table v1_duplicates2
2023-01-31 05:59:03,942 - INFO - Creating table v1_duplicates2
2023-01-31 06:00:55,730 - INFO - The second query took 111.86 seconds
2023-01-31 06:01:52,369 - INFO - Completely processed guvcat in 625.99 seconds ingesting 23,374,005 entries into v1_duplicates_info
2023-01-31 06:01:52,370 - INFO - Processing table milliquas_7_7
2023-01-31 06:01:52,745 - INFO - Dropped table v1_duplicates
2023-01-31 06:01:52,747 - INFO - Creating table v1_duplicates
2023-01-31 06:02:00,883 - INFO - The first query took 8.51 seconds and selected 141,398 duplicates
2023-01-31 06:02:01,346 - INFO - Dropped table v1_duplicates2
2023-01-31 06:02:01,367 - INFO - Creating table v1_duplicates2
2023-01-31 06:02:02,384 - INFO - The second query took 1.50 seconds
2023-01-31 06:02:03,136 - INFO - Completely processed milliquas_7_7 in 10.77 seconds ingesting 141,398 entries into v1_duplicates_info
2023-01-31 06:02:03,137 - INFO - Processing table uvotssc1
2023-01-31 06:02:03,197 - INFO - Dropped table v1_duplicates
2023-01-31 06:02:03,198 - INFO - Creating table v1_duplicates
2023-01-31 06:04:19,293 - INFO - The first query took 136.16 seconds and selected 18,526,269 duplicates
2023-01-31 06:04:19,360 - INFO - Dropped table v1_duplicates2
2023-01-31 06:04:19,362 - INFO - Creating table v1_duplicates2
2023-01-31 06:05:39,272 - INFO - The second query took 79.98 seconds
2023-01-31 06:06:07,426 - INFO - Completely processed uvotssc1 in 244.29 seconds ingesting 18,526,269 entries into v1_duplicates_info
2023-01-31 06:06:07,426 - INFO - Processing table xmm_om_suss_5_0
2023-01-31 06:06:07,751 - INFO - Dropped table v1_duplicates
2023-01-31 06:06:07,753 - INFO - Creating table v1_duplicates
2023-01-31 06:07:18,726 - INFO - The first query took 71.30 seconds and selected 12,174,649 duplicates
2023-01-31 06:07:19,228 - INFO - Dropped table v1_duplicates2
2023-01-31 06:07:19,231 - INFO - Creating table v1_duplicates2
2023-01-31 06:08:03,499 - INFO - The second query took 44.77 seconds
2023-01-31 06:08:19,871 - INFO - Completely processed xmm_om_suss_5_0 in 132.45 seconds ingesting 12,174,649 entries into v1_duplicates_info
2023-01-31 06:08:19,872 - INFO - Processing table allwise
2023-01-31 06:08:20,111 - INFO - Dropped table v1_duplicates
2023-01-31 06:08:20,113 - INFO - Creating table v1_duplicates
2023-01-31 07:29:28,697 - INFO - The first query took 4868.82 seconds and selected 241,560,013 duplicates
2023-01-31 07:29:28,940 - INFO - Dropped table v1_duplicates2
2023-01-31 07:29:29,059 - INFO - Creating table v1_duplicates2
2023-01-31 07:49:32,633 - INFO - The second query took 1203.94 seconds
2023-01-31 07:58:09,989 - INFO - Completely processed allwise in 6590.12 seconds ingesting 241,560,013 entries into v1_duplicates_info
2023-01-31 07:58:09,989 - INFO - Processing table glimpse
2023-01-31 07:58:12,972 - INFO - Dropped table v1_duplicates
2023-01-31 07:58:13,002 - INFO - Creating table v1_duplicates
2023-01-31 08:05:01,387 - INFO - The first query took 411.40 seconds and selected 65,656,159 duplicates
2023-01-31 08:05:04,717 - INFO - Dropped table v1_duplicates2
2023-01-31 08:05:04,722 - INFO - Creating table v1_duplicates2
2023-01-31 08:09:44,962 - INFO - The second query took 283.57 seconds
2023-01-31 08:11:24,615 - INFO - Completely processed glimpse in 794.63 seconds ingesting 65,656,159 entries into v1_duplicates_info
2023-01-31 08:11:24,616 - INFO - Processing table glimpse360
2023-01-31 08:11:25,467 - INFO - Dropped table v1_duplicates
2023-01-31 08:11:25,470 - INFO - Creating table v1_duplicates
2023-01-31 08:11:56,445 - INFO - The first query took 31.83 seconds and selected 2,078,724 duplicates
2023-01-31 08:11:57,581 - INFO - Dropped table v1_duplicates2
2023-01-31 08:11:57,608 - INFO - Creating table v1_duplicates2
2023-01-31 08:12:06,542 - INFO - The second query took 10.10 seconds
2023-01-31 08:12:12,245 - INFO - Completely processed glimpse360 in 47.63 seconds ingesting 2,078,724 entries into v1_duplicates_info
2023-01-31 08:12:12,245 - INFO -  
2023-01-31 08:12:12,246 - INFO - Finished checking duplicates ingesting 448,416,924 to v1_duplicates_info in 71567 seconds
2023-01-31 08:12:12,246 - INFO -  
2023-02-01 06:39:43,307 - INFO - Calculating duplicates ids for Plan: 1.0.0
2023-02-01 06:39:43,307 - INFO - Corresponding to version id 31
2023-02-01 06:39:43,481 - INFO - Dropped table v1_duplicates_info_text_test
2023-02-01 06:39:43,486 - INFO - Creating table v1_duplicates_info_text_test
2023-02-01 06:39:43,486 - INFO - Processing table tycho2
2023-02-01 06:39:43,548 - INFO - Dropped table v1_duplicates
2023-02-01 06:39:43,550 - INFO - Creating table v1_duplicates
2023-02-01 06:39:47,916 - INFO - The first query took 4.43 seconds and selected 1,139 duplicates
2023-02-01 06:39:47,978 - INFO - Dropped table v1_duplicates2
2023-02-01 06:39:47,981 - INFO - Creating table v1_duplicates2
2023-02-01 06:39:47,989 - INFO - The second query took 0.07 seconds
2023-02-01 06:39:47,992 - INFO - Completely processed tycho2 in 4.51 seconds ingesting 1,139 entries into v1_duplicates_info_text
2023-02-01 06:39:47,992 - INFO -  
2023-02-01 06:39:47,992 - INFO - Finished checking duplicates ingesting 1,139 total entries in 4.68 seconds
2023-02-01 06:39:47,992 - INFO -  
